This file contains any messages produced by compilers while
running configure, to aid debugging if configure makes a mistake.

It was created by configure, which was
generated by GNU Autoconf 2.69.  Invocation command line was

  $ ./configure 

## --------- ##
## Platform. ##
## --------- ##

hostname = zaftra.local
uname -m = x86_64
uname -r = 18.7.0
uname -s = Darwin
uname -v = Darwin Kernel Version 18.7.0: Thu Jan 23 06:52:12 PST 2020; root:xnu-4903.278.25~1/RELEASE_X86_64

/usr/bin/uname -p = i386
/bin/uname -X     = unknown

/bin/arch              = unknown
/usr/bin/arch -k       = unknown
/usr/convex/getsysinfo = unknown
/usr/bin/hostinfo      = Mach kernel version:
	 Darwin Kernel Version 18.7.0: Thu Jan 23 06:52:12 PST 2020; root:xnu-4903.278.25~1/RELEASE_X86_64
Kernel configured for up to 8 processors.
4 processors are physically available.
8 processors are logically available.
Processor type: x86_64h (Intel x86-64h Haswell)
Processors active: 0 1 2 3 4 5 6 7
Primary memory available: 16.00 gigabytes
Default processor set: 373 tasks, 1397 threads, 8 processors
Load average: 1.78, Mach factor: 6.20
/bin/machine           = unknown
/usr/bin/oslevel       = unknown
/bin/universe          = unknown

PATH: /usr/local/opt/gettext/bin
PATH: /Developer/NVIDIA/CUDA-6.5/bin
PATH: /Users/ginsberg/bin
PATH: /usr/sbin
PATH: /usr/local/bin
PATH: /bin
PATH: /usr/bin
PATH: /opt/X11/bin
PATH: /opt/local/sbin
PATH: /opt/local/bin
PATH: /usr/texbin
PATH: /Users/ginsberg/common
PATH: .


## ----------- ##
## Core tests. ##
## ----------- ##

configure:2184: checking build system type
configure:2198: result: x86_64-apple-darwin18.7.0
configure:2218: checking host system type
configure:2231: result: x86_64-apple-darwin18.7.0
configure:2251: checking target system type
configure:2264: result: x86_64-apple-darwin18.7.0
configure:2339: checking for gcc
configure:2355: found /usr/bin/gcc
configure:2366: result: gcc
configure:2595: checking for C compiler version
configure:2604: gcc --version >&5
Apple clang version 11.0.0 (clang-1100.0.33.8)
Target: x86_64-apple-darwin18.7.0
Thread model: posix
InstalledDir: /Applications/Xcode.app/Contents/Developer/Toolchains/XcodeDefault.xctoolchain/usr/bin
Configured with: --prefix=/Applications/Xcode.app/Contents/Developer/usr --with-gxx-include-dir=/Applications/Xcode.app/Contents/Developer/Platforms/MacOSX.platform/Developer/SDKs/MacOSX.sdk/usr/include/c++/4.2.1
configure:2615: $? = 0
configure:2604: gcc -v >&5
Configured with: --prefix=/Applications/Xcode.app/Contents/Developer/usr --with-gxx-include-dir=/Applications/Xcode.app/Contents/Developer/Platforms/MacOSX.platform/Developer/SDKs/MacOSX.sdk/usr/include/c++/4.2.1
Apple clang version 11.0.0 (clang-1100.0.33.8)
Target: x86_64-apple-darwin18.7.0
Thread model: posix
InstalledDir: /Applications/Xcode.app/Contents/Developer/Toolchains/XcodeDefault.xctoolchain/usr/bin
Found CUDA installation: /Developer/NVIDIA/CUDA-6.5, version 7.0
configure:2615: $? = 0
configure:2604: gcc -V >&5
clang: error: unsupported option '-V -Wno-framework-include-private-from-public'
clang: error: no input files
configure:2615: $? = 1
configure:2604: gcc -qversion >&5
clang: error: unknown argument '-qversion', did you mean '--version'?
clang: error: no input files
configure:2615: $? = 1
configure:2635: checking whether the C compiler works
configure:2657: gcc    conftest.c  >&5
configure:2661: $? = 0
configure:2709: result: yes
configure:2712: checking for C compiler default output file name
configure:2714: result: a.out
configure:2720: checking for suffix of executables
configure:2727: gcc -o conftest    conftest.c  >&5
configure:2731: $? = 0
configure:2753: result: 
configure:2775: checking whether we are cross compiling
configure:2783: gcc -o conftest    conftest.c  >&5
configure:2787: $? = 0
configure:2794: ./conftest
configure:2798: $? = 0
configure:2813: result: no
configure:2818: checking for suffix of object files
configure:2840: gcc -c   conftest.c >&5
configure:2844: $? = 0
configure:2865: result: o
configure:2869: checking whether we are using the GNU C compiler
configure:2888: gcc -c   conftest.c >&5
configure:2888: $? = 0
configure:2897: result: yes
configure:2906: checking whether gcc accepts -g
configure:2926: gcc -c -g  conftest.c >&5
configure:2926: $? = 0
configure:2967: result: yes
configure:2984: checking for gcc option to accept ISO C89
configure:3047: gcc  -c -g -O2  conftest.c >&5
configure:3047: $? = 0
configure:3060: result: none needed
configure:3123: checking for ranlib
configure:3139: found /usr/bin/ranlib
configure:3150: result: ranlib
configure:3186: checking for a BSD-compatible install
configure:3254: result: /usr/bin/install -c
configure:3308: checking for ar
configure:3324: found /usr/bin/ar
configure:3335: result: ar
configure:3363: checking how to run the C preprocessor
configure:3394: gcc -E  conftest.c
configure:3394: $? = 0
configure:3408: gcc -E  conftest.c
conftest.c:9:10: fatal error: 'ac_nonexistent.h' file not found
#include <ac_nonexistent.h>
         ^~~~~~~~~~~~~~~~~~
1 error generated.
configure:3408: $? = 1
configure: failed program was:
| /* confdefs.h */
| #define PACKAGE_NAME ""
| #define PACKAGE_TARNAME ""
| #define PACKAGE_VERSION ""
| #define PACKAGE_STRING ""
| #define PACKAGE_BUGREPORT ""
| #define PACKAGE_URL ""
| /* end confdefs.h.  */
| #include <ac_nonexistent.h>
configure:3433: result: gcc -E
configure:3453: gcc -E  conftest.c
configure:3453: $? = 0
configure:3467: gcc -E  conftest.c
conftest.c:9:10: fatal error: 'ac_nonexistent.h' file not found
#include <ac_nonexistent.h>
         ^~~~~~~~~~~~~~~~~~
1 error generated.
configure:3467: $? = 1
configure: failed program was:
| /* confdefs.h */
| #define PACKAGE_NAME ""
| #define PACKAGE_TARNAME ""
| #define PACKAGE_VERSION ""
| #define PACKAGE_STRING ""
| #define PACKAGE_BUGREPORT ""
| #define PACKAGE_URL ""
| /* end confdefs.h.  */
| #include <ac_nonexistent.h>
configure:3496: checking for grep that handles long lines and -e
configure:3554: result: /usr/bin/grep
configure:3559: checking for egrep
configure:3621: result: /usr/bin/grep -E
configure:3626: checking for ANSI C header files
configure:3646: gcc -c -g -O2  conftest.c >&5
configure:3646: $? = 0
configure:3719: gcc -o conftest -g -O2   conftest.c  >&5
configure:3719: $? = 0
configure:3719: ./conftest
configure:3719: $? = 0
configure:3730: result: yes
configure:3743: checking for sys/types.h
configure:3743: gcc -c -g -O2  conftest.c >&5
configure:3743: $? = 0
configure:3743: result: yes
configure:3743: checking for sys/stat.h
configure:3743: gcc -c -g -O2  conftest.c >&5
configure:3743: $? = 0
configure:3743: result: yes
configure:3743: checking for stdlib.h
configure:3743: gcc -c -g -O2  conftest.c >&5
configure:3743: $? = 0
configure:3743: result: yes
configure:3743: checking for string.h
configure:3743: gcc -c -g -O2  conftest.c >&5
configure:3743: $? = 0
configure:3743: result: yes
configure:3743: checking for memory.h
configure:3743: gcc -c -g -O2  conftest.c >&5
configure:3743: $? = 0
configure:3743: result: yes
configure:3743: checking for strings.h
configure:3743: gcc -c -g -O2  conftest.c >&5
configure:3743: $? = 0
configure:3743: result: yes
configure:3743: checking for inttypes.h
configure:3743: gcc -c -g -O2  conftest.c >&5
configure:3743: $? = 0
configure:3743: result: yes
configure:3743: checking for stdint.h
configure:3743: gcc -c -g -O2  conftest.c >&5
configure:3743: $? = 0
configure:3743: result: yes
configure:3743: checking for unistd.h
configure:3743: gcc -c -g -O2  conftest.c >&5
configure:3743: $? = 0
configure:3743: result: yes
configure:3755: checking whether byte ordering is bigendian
configure:3770: gcc -c -g -O2  conftest.c >&5
configure:3770: $? = 0
configure:3815: gcc -c -g -O2  conftest.c >&5
configure:3815: $? = 0
configure:3833: gcc -c -g -O2  conftest.c >&5
conftest.c:26:4: error: use of undeclared identifier 'not'
                 not big endian
                 ^
1 error generated.
configure:3833: $? = 1
configure: failed program was:
| /* confdefs.h */
| #define PACKAGE_NAME ""
| #define PACKAGE_TARNAME ""
| #define PACKAGE_VERSION ""
| #define PACKAGE_STRING ""
| #define PACKAGE_BUGREPORT ""
| #define PACKAGE_URL ""
| #define STDC_HEADERS 1
| #define HAVE_SYS_TYPES_H 1
| #define HAVE_SYS_STAT_H 1
| #define HAVE_STDLIB_H 1
| #define HAVE_STRING_H 1
| #define HAVE_MEMORY_H 1
| #define HAVE_STRINGS_H 1
| #define HAVE_INTTYPES_H 1
| #define HAVE_STDINT_H 1
| #define HAVE_UNISTD_H 1
| /* end confdefs.h.  */
| #include <sys/types.h>
| 		#include <sys/param.h>
| 
| int
| main ()
| {
| #if BYTE_ORDER != BIG_ENDIAN
| 		 not big endian
| 		#endif
| 
|   ;
|   return 0;
| }
configure:3961: result: no
configure:4253: gcc -c -g -O2 -Wall  conftest.c >&5
conftest.c:24:33: warning: unused variable 'e' [-Wunused-variable]
                 const struct a e = { .d={ .b=3.14 } };
                                ^
1 warning generated.
configure:4253: $? = 0
configure:4264: checking for mmap
configure:4264: gcc -o conftest -g -O2 -Wall   conftest.c  >&5
configure:4264: $? = 0
configure:4264: result: yes
configure:4312: checking sys/soundcard.h usability
configure:4312: gcc -c -g -O2 -Wall  conftest.c >&5
conftest.c:52:10: fatal error: 'sys/soundcard.h' file not found
#include <sys/soundcard.h>
         ^~~~~~~~~~~~~~~~~
1 error generated.
configure:4312: $? = 1
configure: failed program was:
| /* confdefs.h */
| #define PACKAGE_NAME ""
| #define PACKAGE_TARNAME ""
| #define PACKAGE_VERSION ""
| #define PACKAGE_STRING ""
| #define PACKAGE_BUGREPORT ""
| #define PACKAGE_URL ""
| #define STDC_HEADERS 1
| #define HAVE_SYS_TYPES_H 1
| #define HAVE_SYS_STAT_H 1
| #define HAVE_STDLIB_H 1
| #define HAVE_STRING_H 1
| #define HAVE_MEMORY_H 1
| #define HAVE_STRINGS_H 1
| #define HAVE_INTTYPES_H 1
| #define HAVE_STDINT_H 1
| #define HAVE_UNISTD_H 1
| /* end confdefs.h.  */
| #include <stdio.h>
| #ifdef HAVE_SYS_TYPES_H
| # include <sys/types.h>
| #endif
| #ifdef HAVE_SYS_STAT_H
| # include <sys/stat.h>
| #endif
| #ifdef STDC_HEADERS
| # include <stdlib.h>
| # include <stddef.h>
| #else
| # ifdef HAVE_STDLIB_H
| #  include <stdlib.h>
| # endif
| #endif
| #ifdef HAVE_STRING_H
| # if !defined STDC_HEADERS && defined HAVE_MEMORY_H
| #  include <memory.h>
| # endif
| # include <string.h>
| #endif
| #ifdef HAVE_STRINGS_H
| # include <strings.h>
| #endif
| #ifdef HAVE_INTTYPES_H
| # include <inttypes.h>
| #endif
| #ifdef HAVE_STDINT_H
| # include <stdint.h>
| #endif
| #ifdef HAVE_UNISTD_H
| # include <unistd.h>
| #endif
| #include <sys/soundcard.h>
configure:4312: result: no
configure:4312: checking sys/soundcard.h presence
configure:4312: gcc -E  conftest.c
conftest.c:19:10: fatal error: 'sys/soundcard.h' file not found
#include <sys/soundcard.h>
         ^~~~~~~~~~~~~~~~~
1 error generated.
configure:4312: $? = 1
configure: failed program was:
| /* confdefs.h */
| #define PACKAGE_NAME ""
| #define PACKAGE_TARNAME ""
| #define PACKAGE_VERSION ""
| #define PACKAGE_STRING ""
| #define PACKAGE_BUGREPORT ""
| #define PACKAGE_URL ""
| #define STDC_HEADERS 1
| #define HAVE_SYS_TYPES_H 1
| #define HAVE_SYS_STAT_H 1
| #define HAVE_STDLIB_H 1
| #define HAVE_STRING_H 1
| #define HAVE_MEMORY_H 1
| #define HAVE_STRINGS_H 1
| #define HAVE_INTTYPES_H 1
| #define HAVE_STDINT_H 1
| #define HAVE_UNISTD_H 1
| /* end confdefs.h.  */
| #include <sys/soundcard.h>
configure:4312: result: no
configure:4312: checking for sys/soundcard.h
configure:4312: result: no
configure:4319: checking machine/soundcard.h usability
configure:4319: gcc -c -g -O2 -Wall  conftest.c >&5
conftest.c:52:10: fatal error: 'machine/soundcard.h' file not found
#include <machine/soundcard.h>
         ^~~~~~~~~~~~~~~~~~~~~
1 error generated.
configure:4319: $? = 1
configure: failed program was:
| /* confdefs.h */
| #define PACKAGE_NAME ""
| #define PACKAGE_TARNAME ""
| #define PACKAGE_VERSION ""
| #define PACKAGE_STRING ""
| #define PACKAGE_BUGREPORT ""
| #define PACKAGE_URL ""
| #define STDC_HEADERS 1
| #define HAVE_SYS_TYPES_H 1
| #define HAVE_SYS_STAT_H 1
| #define HAVE_STDLIB_H 1
| #define HAVE_STRING_H 1
| #define HAVE_MEMORY_H 1
| #define HAVE_STRINGS_H 1
| #define HAVE_INTTYPES_H 1
| #define HAVE_STDINT_H 1
| #define HAVE_UNISTD_H 1
| /* end confdefs.h.  */
| #include <stdio.h>
| #ifdef HAVE_SYS_TYPES_H
| # include <sys/types.h>
| #endif
| #ifdef HAVE_SYS_STAT_H
| # include <sys/stat.h>
| #endif
| #ifdef STDC_HEADERS
| # include <stdlib.h>
| # include <stddef.h>
| #else
| # ifdef HAVE_STDLIB_H
| #  include <stdlib.h>
| # endif
| #endif
| #ifdef HAVE_STRING_H
| # if !defined STDC_HEADERS && defined HAVE_MEMORY_H
| #  include <memory.h>
| # endif
| # include <string.h>
| #endif
| #ifdef HAVE_STRINGS_H
| # include <strings.h>
| #endif
| #ifdef HAVE_INTTYPES_H
| # include <inttypes.h>
| #endif
| #ifdef HAVE_STDINT_H
| # include <stdint.h>
| #endif
| #ifdef HAVE_UNISTD_H
| # include <unistd.h>
| #endif
| #include <machine/soundcard.h>
configure:4319: result: no
configure:4319: checking machine/soundcard.h presence
configure:4319: gcc -E  conftest.c
conftest.c:19:10: fatal error: 'machine/soundcard.h' file not found
#include <machine/soundcard.h>
         ^~~~~~~~~~~~~~~~~~~~~
1 error generated.
configure:4319: $? = 1
configure: failed program was:
| /* confdefs.h */
| #define PACKAGE_NAME ""
| #define PACKAGE_TARNAME ""
| #define PACKAGE_VERSION ""
| #define PACKAGE_STRING ""
| #define PACKAGE_BUGREPORT ""
| #define PACKAGE_URL ""
| #define STDC_HEADERS 1
| #define HAVE_SYS_TYPES_H 1
| #define HAVE_SYS_STAT_H 1
| #define HAVE_STDLIB_H 1
| #define HAVE_STRING_H 1
| #define HAVE_MEMORY_H 1
| #define HAVE_STRINGS_H 1
| #define HAVE_INTTYPES_H 1
| #define HAVE_STDINT_H 1
| #define HAVE_UNISTD_H 1
| /* end confdefs.h.  */
| #include <machine/soundcard.h>
configure:4319: result: no
configure:4319: checking for machine/soundcard.h
configure:4319: result: no
configure:4326: checking sys/audioio.h usability
configure:4326: gcc -c -g -O2 -Wall  conftest.c >&5
conftest.c:52:10: fatal error: 'sys/audioio.h' file not found
#include <sys/audioio.h>
         ^~~~~~~~~~~~~~~
1 error generated.
configure:4326: $? = 1
configure: failed program was:
| /* confdefs.h */
| #define PACKAGE_NAME ""
| #define PACKAGE_TARNAME ""
| #define PACKAGE_VERSION ""
| #define PACKAGE_STRING ""
| #define PACKAGE_BUGREPORT ""
| #define PACKAGE_URL ""
| #define STDC_HEADERS 1
| #define HAVE_SYS_TYPES_H 1
| #define HAVE_SYS_STAT_H 1
| #define HAVE_STDLIB_H 1
| #define HAVE_STRING_H 1
| #define HAVE_MEMORY_H 1
| #define HAVE_STRINGS_H 1
| #define HAVE_INTTYPES_H 1
| #define HAVE_STDINT_H 1
| #define HAVE_UNISTD_H 1
| /* end confdefs.h.  */
| #include <stdio.h>
| #ifdef HAVE_SYS_TYPES_H
| # include <sys/types.h>
| #endif
| #ifdef HAVE_SYS_STAT_H
| # include <sys/stat.h>
| #endif
| #ifdef STDC_HEADERS
| # include <stdlib.h>
| # include <stddef.h>
| #else
| # ifdef HAVE_STDLIB_H
| #  include <stdlib.h>
| # endif
| #endif
| #ifdef HAVE_STRING_H
| # if !defined STDC_HEADERS && defined HAVE_MEMORY_H
| #  include <memory.h>
| # endif
| # include <string.h>
| #endif
| #ifdef HAVE_STRINGS_H
| # include <strings.h>
| #endif
| #ifdef HAVE_INTTYPES_H
| # include <inttypes.h>
| #endif
| #ifdef HAVE_STDINT_H
| # include <stdint.h>
| #endif
| #ifdef HAVE_UNISTD_H
| # include <unistd.h>
| #endif
| #include <sys/audioio.h>
configure:4326: result: no
configure:4326: checking sys/audioio.h presence
configure:4326: gcc -E  conftest.c
conftest.c:19:10: fatal error: 'sys/audioio.h' file not found
#include <sys/audioio.h>
         ^~~~~~~~~~~~~~~
1 error generated.
configure:4326: $? = 1
configure: failed program was:
| /* confdefs.h */
| #define PACKAGE_NAME ""
| #define PACKAGE_TARNAME ""
| #define PACKAGE_VERSION ""
| #define PACKAGE_STRING ""
| #define PACKAGE_BUGREPORT ""
| #define PACKAGE_URL ""
| #define STDC_HEADERS 1
| #define HAVE_SYS_TYPES_H 1
| #define HAVE_SYS_STAT_H 1
| #define HAVE_STDLIB_H 1
| #define HAVE_STRING_H 1
| #define HAVE_MEMORY_H 1
| #define HAVE_STRINGS_H 1
| #define HAVE_INTTYPES_H 1
| #define HAVE_STDINT_H 1
| #define HAVE_UNISTD_H 1
| /* end confdefs.h.  */
| #include <sys/audioio.h>
configure:4326: result: no
configure:4326: checking for sys/audioio.h
configure:4326: result: no
configure:4350: gcc -c -g -O2 -Wall  conftest.c >&5
conftest.c:19:10: fatal error: 'alsa/version.h' file not found
#include <alsa/version.h>
         ^~~~~~~~~~~~~~~~
1 error generated.
configure:4350: $? = 1
configure: failed program was:
| /* confdefs.h */
| #define PACKAGE_NAME ""
| #define PACKAGE_TARNAME ""
| #define PACKAGE_VERSION ""
| #define PACKAGE_STRING ""
| #define PACKAGE_BUGREPORT ""
| #define PACKAGE_URL ""
| #define STDC_HEADERS 1
| #define HAVE_SYS_TYPES_H 1
| #define HAVE_SYS_STAT_H 1
| #define HAVE_STDLIB_H 1
| #define HAVE_STRING_H 1
| #define HAVE_MEMORY_H 1
| #define HAVE_STRINGS_H 1
| #define HAVE_INTTYPES_H 1
| #define HAVE_STDINT_H 1
| #define HAVE_UNISTD_H 1
| /* end confdefs.h.  */
| #include <alsa/version.h>
| int
| main ()
| {
| int j=
|                 #if SND_LIB_SUBMINOR >= 11
|                 3;
|                 #endif
|   ;
|   return 0;
| }
configure:4356: checking mmsystem.h usability
configure:4356: gcc -c -g -O2 -Wall  conftest.c >&5
conftest.c:52:10: fatal error: 'mmsystem.h' file not found
#include <mmsystem.h>
         ^~~~~~~~~~~~
1 error generated.
configure:4356: $? = 1
configure: failed program was:
| /* confdefs.h */
| #define PACKAGE_NAME ""
| #define PACKAGE_TARNAME ""
| #define PACKAGE_VERSION ""
| #define PACKAGE_STRING ""
| #define PACKAGE_BUGREPORT ""
| #define PACKAGE_URL ""
| #define STDC_HEADERS 1
| #define HAVE_SYS_TYPES_H 1
| #define HAVE_SYS_STAT_H 1
| #define HAVE_STDLIB_H 1
| #define HAVE_STRING_H 1
| #define HAVE_MEMORY_H 1
| #define HAVE_STRINGS_H 1
| #define HAVE_INTTYPES_H 1
| #define HAVE_STDINT_H 1
| #define HAVE_UNISTD_H 1
| /* end confdefs.h.  */
| #include <stdio.h>
| #ifdef HAVE_SYS_TYPES_H
| # include <sys/types.h>
| #endif
| #ifdef HAVE_SYS_STAT_H
| # include <sys/stat.h>
| #endif
| #ifdef STDC_HEADERS
| # include <stdlib.h>
| # include <stddef.h>
| #else
| # ifdef HAVE_STDLIB_H
| #  include <stdlib.h>
| # endif
| #endif
| #ifdef HAVE_STRING_H
| # if !defined STDC_HEADERS && defined HAVE_MEMORY_H
| #  include <memory.h>
| # endif
| # include <string.h>
| #endif
| #ifdef HAVE_STRINGS_H
| # include <strings.h>
| #endif
| #ifdef HAVE_INTTYPES_H
| # include <inttypes.h>
| #endif
| #ifdef HAVE_STDINT_H
| # include <stdint.h>
| #endif
| #ifdef HAVE_UNISTD_H
| # include <unistd.h>
| #endif
| #include <mmsystem.h>
configure:4356: result: no
configure:4356: checking mmsystem.h presence
configure:4356: gcc -E  conftest.c
conftest.c:19:10: fatal error: 'mmsystem.h' file not found
#include <mmsystem.h>
         ^~~~~~~~~~~~
1 error generated.
configure:4356: $? = 1
configure: failed program was:
| /* confdefs.h */
| #define PACKAGE_NAME ""
| #define PACKAGE_TARNAME ""
| #define PACKAGE_VERSION ""
| #define PACKAGE_STRING ""
| #define PACKAGE_BUGREPORT ""
| #define PACKAGE_URL ""
| #define STDC_HEADERS 1
| #define HAVE_SYS_TYPES_H 1
| #define HAVE_SYS_STAT_H 1
| #define HAVE_STDLIB_H 1
| #define HAVE_STRING_H 1
| #define HAVE_MEMORY_H 1
| #define HAVE_STRINGS_H 1
| #define HAVE_INTTYPES_H 1
| #define HAVE_STDINT_H 1
| #define HAVE_UNISTD_H 1
| /* end confdefs.h.  */
| #include <mmsystem.h>
configure:4356: result: no
configure:4356: checking for mmsystem.h
configure:4356: result: no
configure:4627: creating ./config.status

## ---------------------- ##
## Running config.status. ##
## ---------------------- ##

This file was extended by config.status, which was
generated by GNU Autoconf 2.69.  Invocation command line was

  CONFIG_FILES    = 
  CONFIG_HEADERS  = 
  CONFIG_LINKS    = 
  CONFIG_COMMANDS = 
  $ ./config.status 

on zaftra.local

config.status:766: creating config/config
config.status:766: creating config/system.mak

## ---------------- ##
## Cache variables. ##
## ---------------- ##

ac_cv_build=x86_64-apple-darwin18.7.0
ac_cv_c_bigendian=no
ac_cv_c_compiler_gnu=yes
ac_cv_env_CC_set=
ac_cv_env_CC_value=
ac_cv_env_CFLAGS_set=
ac_cv_env_CFLAGS_value=
ac_cv_env_CPPFLAGS_set=
ac_cv_env_CPPFLAGS_value=
ac_cv_env_CPP_set=
ac_cv_env_CPP_value=
ac_cv_env_LDFLAGS_set=
ac_cv_env_LDFLAGS_value=
ac_cv_env_LIBS_set=
ac_cv_env_LIBS_value=
ac_cv_env_build_alias_set=
ac_cv_env_build_alias_value=
ac_cv_env_host_alias_set=
ac_cv_env_host_alias_value=
ac_cv_env_target_alias_set=
ac_cv_env_target_alias_value=
ac_cv_func_mmap=yes
ac_cv_header_inttypes_h=yes
ac_cv_header_machine_soundcard_h=no
ac_cv_header_memory_h=yes
ac_cv_header_mmsystem_h=no
ac_cv_header_stdc=yes
ac_cv_header_stdint_h=yes
ac_cv_header_stdlib_h=yes
ac_cv_header_string_h=yes
ac_cv_header_strings_h=yes
ac_cv_header_sys_audioio_h=no
ac_cv_header_sys_soundcard_h=no
ac_cv_header_sys_stat_h=yes
ac_cv_header_sys_types_h=yes
ac_cv_header_unistd_h=yes
ac_cv_host=x86_64-apple-darwin18.7.0
ac_cv_objext=o
ac_cv_path_EGREP='/usr/bin/grep -E'
ac_cv_path_GREP=/usr/bin/grep
ac_cv_path_install='/usr/bin/install -c'
ac_cv_prog_CPP='gcc -E'
ac_cv_prog_ac_ct_AR=ar
ac_cv_prog_ac_ct_CC=gcc
ac_cv_prog_ac_ct_RANLIB=ranlib
ac_cv_prog_cc_c89=
ac_cv_prog_cc_g=yes
ac_cv_target=x86_64-apple-darwin18.7.0

## ----------------- ##
## Output variables. ##
## ----------------- ##

AR='ar'
AUDIODEFS='-DCST_AUDIO_NONE'
AUDIODRIVER='none'
AUDIOLIBS=''
CC='gcc'
CFLAGS='-g -O2 -Wall'
CPP='gcc -E'
CPPFLAGS=''
DEFS='-DPACKAGE_NAME=\"\" -DPACKAGE_TARNAME=\"\" -DPACKAGE_VERSION=\"\" -DPACKAGE_STRING=\"\" -DPACKAGE_BUGREPORT=\"\" -DPACKAGE_URL=\"\" -DSTDC_HEADERS=1 -DHAVE_SYS_TYPES_H=1 -DHAVE_SYS_STAT_H=1 -DHAVE_STDLIB_H=1 -DHAVE_STRING_H=1 -DHAVE_MEMORY_H=1 -DHAVE_STRINGS_H=1 -DHAVE_INTTYPES_H=1 -DHAVE_STDINT_H=1 -DHAVE_UNISTD_H=1'
DLLTOOL=''
DLLWRAP=''
ECHO_C='\c'
ECHO_N=''
ECHO_T=''
EGREP='/usr/bin/grep -E'
EXEEXT=''
FL_LANG='usenglish'
FL_LANGVOX='default'
FL_LEX='cmulex'
FL_VOX='cmu_us_kal'
GREP='/usr/bin/grep'
HOST_CPU='x86_64'
HOST_OS='darwin18.7.0'
INSTALL_DATA='${INSTALL} -m 644'
INSTALL_PROGRAM='${INSTALL}'
INSTALL_SCRIPT='${INSTALL}'
LDFLAGS=''
LEXDEFS=''
LIBOBJS=''
LIBS=''
LTLIBOBJS=''
M68KCC=''
MMAPTYPE='posix'
NM=''
OBJEXT='o'
OTHERLIBS=''
PACKAGE_BUGREPORT=''
PACKAGE_NAME=''
PACKAGE_STRING=''
PACKAGE_TARNAME=''
PACKAGE_URL=''
PACKAGE_VERSION=''
PATH_SEPARATOR=':'
RANLIB='ranlib'
SHELL='/bin/sh'
SHFLAGS=''
SIZE=''
STDIOTYPE='stdio'
STRIP=''
TARGET_CPU='x86_64'
TARGET_OS='darwin18.7.0'
VOXDEFS=''
WINDRES=''
ac_ct_CC='gcc'
bindir='${exec_prefix}/bin'
build='x86_64-apple-darwin18.7.0'
build_alias=''
build_cpu='x86_64'
build_os='darwin18.7.0'
build_vendor='apple'
datadir='${datarootdir}'
datarootdir='${prefix}/share'
docdir='${datarootdir}/doc/${PACKAGE}'
dvidir='${docdir}'
exec_prefix='${prefix}'
host='x86_64-apple-darwin18.7.0'
host_alias=''
host_cpu='x86_64'
host_os='darwin18.7.0'
host_vendor='apple'
htmldir='${docdir}'
includedir='${prefix}/include'
infodir='${datarootdir}/info'
libdir='${exec_prefix}/lib'
libexecdir='${exec_prefix}/libexec'
localedir='${datarootdir}/locale'
localstatedir='${prefix}/var'
mandir='${datarootdir}/man'
oldincludedir='/usr/include'
pdfdir='${docdir}'
prefix='/usr/local'
program_transform_name='s,x,x,'
psdir='${docdir}'
sbindir='${exec_prefix}/sbin'
sharedstatedir='${prefix}/com'
sysconfdir='${prefix}/etc'
target='x86_64-apple-darwin18.7.0'
target_alias=''
target_cpu='x86_64'
target_os='darwin18.7.0'
target_vendor='apple'

## ----------- ##
## confdefs.h. ##
## ----------- ##

/* confdefs.h */
#define PACKAGE_NAME ""
#define PACKAGE_TARNAME ""
#define PACKAGE_VERSION ""
#define PACKAGE_STRING ""
#define PACKAGE_BUGREPORT ""
#define PACKAGE_URL ""
#define STDC_HEADERS 1
#define HAVE_SYS_TYPES_H 1
#define HAVE_SYS_STAT_H 1
#define HAVE_STDLIB_H 1
#define HAVE_STRING_H 1
#define HAVE_MEMORY_H 1
#define HAVE_STRINGS_H 1
#define HAVE_INTTYPES_H 1
#define HAVE_STDINT_H 1
#define HAVE_UNISTD_H 1

configure: exit 0
